#
# A fatal error has been detected by the Java Runtime Environment:
#
#  EXCEPTION_ACCESS_VIOLATION (0xc0000005) at pc=0x00007ff877894c32, pid=13900, tid=13480
#
# JRE version: Java(TM) SE Runtime Environment (8.0_60-b27) (build 1.8.0_60-b27)
# Java VM: Java HotSpot(TM) 64-Bit Server VM (25.60-b23 mixed mode windows-amd64 compressed oops)
# Problematic frame:
# C  [NahimicMSIOSD.dll+0x4c32]
#
# Failed to write core dump. Minidumps are not enabled by default on client versions of Windows
#
# If you would like to submit a bug report, please visit:
#   http://bugreport.java.com/bugreport/crash.jsp
# The crash happened outside the Java Virtual Machine in native code.
# See problematic frame for where to report the bug.
#

---------------  T H R E A D  ---------------

Current thread (0x000000001a894000):  JavaThread "AWT-EventQueue-0" [_thread_in_native, id=13480, stack(0x000000001be60000,0x000000001bf60000)]

siginfo: ExceptionCode=0xc0000005, reading address 0x000000001b071260

Registers:
RAX=0x000000001bf58c08, RBX=0x000000001b071260, RCX=0x000000001b071260, RDX=0x000000001bf58c50
RSP=0x000000001bf587d0, RBP=0x0000000000000002, RSI=0x000000001bf58c50, RDI=0x00007ff8778d55f0
R8 =0x00007ff877890000, R9 =0x000000000000000f, R10=0x000000000000000d, R11=0x00007ff89ee35330
R12=0x0000000000000400, R13=0x00000000169069f8, R14=0x000000001bf597e8, R15=0x000000001bf597f0
RIP=0x00007ff877894c32, EFLAGS=0x0000000000010202

Top of Stack: (sp=0x000000001bf587d0)
0x000000001bf587d0:   00000000002c5000 000000001bf58928
0x000000001bf587e0:   000000001bf58b01 00007ff89ecf2392
0x000000001bf587f0:   fffffffffffffffe 000000001bf58950
0x000000001bf58800:   0000000000000000 0000000000000000
0x000000001bf58810:   00000000002c5000 000000001bf58968
0x000000001bf58820:   000000001bf58c01 00007ff89ecf2392
0x000000001bf58830:   0000000000000000 000000001bf58990
0x000000001bf58840:   000000001bf58990 000000001bf58c30
0x000000001bf58850:   000000001bf58890 0000000000000000
0x000000001bf58860:   0000000000000000 0000000000000000
0x000000001bf58870:   0000000000000000 0000000000000000
0x000000001bf58880:   0000000000000000 0000000000000000
0x000000001bf58890:   0000000000000000 0000000000000000
0x000000001bf588a0:   0000000000000000 00007ff89ecf1fdb
0x000000001bf588b0:   000000001bf597f0 0000000000000000
0x000000001bf588c0:   00000000169069f8 0000000000000000 

Instructions: (pc=0x00007ff877894c32)
0x00007ff877894c12:   c4 57 48 81 ec 30 04 00 00 48 c7 44 24 20 fe ff
0x00007ff877894c22:   ff ff 48 89 58 08 48 89 70 10 48 8b f2 48 8b d9
0x00007ff877894c32:   48 83 39 00 74 7f 48 83 c1 08 ff 15 4e a4 02 00
0x00007ff877894c42:   48 8b f8 48 85 c0 74 6d 41 b8 00 02 00 00 48 8d 


Register to memory mapping:

RAX=0x000000001bf58c08 is pointing into the stack for thread: 0x000000001a894000
RBX=0x000000001b071260 is an unknown value
RCX=0x000000001b071260 is an unknown value
RDX=0x000000001bf58c50 is pointing into the stack for thread: 0x000000001a894000
RSP=0x000000001bf587d0 is pointing into the stack for thread: 0x000000001a894000
RBP=0x0000000000000002 is an unknown value
RSI=0x000000001bf58c50 is pointing into the stack for thread: 0x000000001a894000
RDI=0x00007ff8778d55f0 is an unknown value
R8 =0x00007ff877890000 is an unknown value
R9 =0x000000000000000f is an unknown value
R10=0x000000000000000d is an unknown value
R11=0x00007ff89ee35330 is an unknown value
R12=0x0000000000000400 is an unknown value
R13={method} {0x0000000016906a00} 'load' '(Ljava/lang/String;Z)V' in 'java/lang/ClassLoader$NativeLibrary'
R14=0x000000001bf597e8 is pointing into the stack for thread: 0x000000001a894000
R15=0x000000001bf597f0 is pointing into the stack for thread: 0x000000001a894000


Stack: [0x000000001be60000,0x000000001bf60000],  sp=0x000000001bf587d0,  free space=993k
Native frames: (J=compiled Java code, j=interpreted, Vv=VM code, C=native code)
C  [NahimicMSIOSD.dll+0x4c32]
C  [NahimicMSIOSD.dll+0xb821]
C  [NahimicMSIOSD.dll+0x5252]
C  [NahimicMSIOSD.dll+0x4a0a]
C  [NahimicMSIOSD.dll+0x31f9]
V  [jvm.dll+0x297448]
V  [jvm.dll+0x1888da]
C  [java.dll+0x234f]
C  0x00000000021f5e34

Java frames: (J=compiled Java code, j=interpreted, Vv=VM code)
j  java.lang.ClassLoader$NativeLibrary.load(Ljava/lang/String;Z)V+0
j  java.lang.ClassLoader.loadLibrary0(Ljava/lang/Class;Ljava/io/File;)Z+328
j  java.lang.ClassLoader.loadLibrary(Ljava/lang/Class;Ljava/lang/String;Z)V+217
j  java.lang.Runtime.loadLibrary0(Ljava/lang/Class;Ljava/lang/String;)V+54
j  java.lang.System.loadLibrary(Ljava/lang/String;)V+7
j  sun.dc.pr.PathFiller$1.run()Ljava/lang/Void;+2
j  sun.dc.pr.PathFiller$1.run()Ljava/lang/Object;+1
v  ~StubRoutines::call_stub
J 638  java.security.AccessController.doPrivileged(Ljava/security/PrivilegedAction;)Ljava/lang/Object; (0 bytes) @ 0x00000000024677d2 [0x0000000002467780+0x52]
j  sun.dc.pr.PathFiller.<clinit>()V+7
v  ~StubRoutines::call_stub
j  sun.dc.pr.Rasterizer.<clinit>()V+1
v  ~StubRoutines::call_stub
j  sun.dc.DuctusRenderingEngine.getRasterizer()Lsun/dc/pr/Rasterizer;+8
j  sun.dc.DuctusRenderingEngine.getAATileGenerator(DDDDDDDDLsun/java2d/pipe/Region;[I)Lsun/java2d/pipe/AATileGenerator;+138
j  sun.java2d.pipe.AAShapePipe.fillParallelogram(Lsun/java2d/SunGraphics2D;DDDDDDDDDD)V+32
j  sun.java2d.pipe.PixelToParallelogramConverter.fillRectangle(Lsun/java2d/SunGraphics2D;DDDD)V+230
j  sun.java2d.pipe.PixelToParallelogramConverter.fill(Lsun/java2d/SunGraphics2D;Ljava/awt/Shape;)V+60
j  sun.java2d.pipe.ValidatePipe.fill(Lsun/java2d/SunGraphics2D;Ljava/awt/Shape;)V+14
j  sun.java2d.SunGraphics2D.fill(Ljava/awt/Shape;)V+6
j  javax.swing.plaf.nimbus.TabbedPaneTabAreaPainter.paintBackgroundEnabled(Ljava/awt/Graphics2D;)V+49
j  javax.swing.plaf.nimbus.TabbedPaneTabAreaPainter.doPaint(Ljava/awt/Graphics2D;Ljavax/swing/JComponent;II[Ljava/lang/Object;)V+42
j  javax.swing.plaf.nimbus.AbstractRegionPainter.paint0(Ljava/awt/Graphics2D;Ljavax/swing/JComponent;II[Ljava/lang/Object;)V+30
j  javax.swing.plaf.nimbus.AbstractRegionPainter.getImage(Ljava/awt/GraphicsConfiguration;Ljavax/swing/JComponent;II[Ljava/lang/Object;)Ljava/awt/image/VolatileImage;+189
j  javax.swing.plaf.nimbus.AbstractRegionPainter.paintWith9SquareCaching(Ljava/awt/Graphics2D;Ljavax/swing/plaf/nimbus/AbstractRegionPainter$PaintContext;Ljavax/swing/JComponent;II[Ljava/lang/Object;)V+99
j  javax.swing.plaf.nimbus.AbstractRegionPainter.paint(Ljava/awt/Graphics2D;Ljavax/swing/JComponent;II)V+122
j  javax.swing.plaf.nimbus.AbstractRegionPainter.paint(Ljava/awt/Graphics2D;Ljava/lang/Object;II)V+9
j  javax.swing.plaf.nimbus.SynthPainterImpl.paint(Ljavax/swing/Painter;Ljavax/swing/plaf/synth/SynthContext;Ljava/awt/Graphics;IIIILjava/awt/geom/AffineTransform;)V+49
j  javax.swing.plaf.nimbus.SynthPainterImpl.paintBackground(Ljavax/swing/plaf/synth/SynthContext;Ljava/awt/Graphics;IIIILjava/awt/geom/AffineTransform;)V+64
j  javax.swing.plaf.nimbus.SynthPainterImpl.paintTabbedPaneTabAreaBackground(Ljavax/swing/plaf/synth/SynthContext;Ljava/awt/Graphics;IIIII)V+181
j  javax.swing.plaf.synth.SynthTabbedPaneUI.paintTabArea(Ljavax/swing/plaf/synth/SynthContext;Ljava/awt/Graphics;IILjava/awt/Rectangle;)V+110
j  javax.swing.plaf.synth.SynthTabbedPaneUI.paint(Ljavax/swing/plaf/synth/SynthContext;Ljava/awt/Graphics;)V+267
j  javax.swing.plaf.synth.SynthTabbedPaneUI.update(Ljava/awt/Graphics;Ljavax/swing/JComponent;)V+33
j  javax.swing.JComponent.paintComponent(Ljava/awt/Graphics;)V+26
j  javax.swing.JComponent.paint(Ljava/awt/Graphics;)V+286
j  javax.swing.JComponent.paintChildren(Ljava/awt/Graphics;)V+501
j  javax.swing.JComponent.paint(Ljava/awt/Graphics;)V+318
j  javax.swing.JComponent.paintChildren(Ljava/awt/Graphics;)V+501
j  javax.swing.JComponent.paint(Ljava/awt/Graphics;)V+318
j  javax.swing.JLayeredPane.paint(Ljava/awt/Graphics;)V+73
j  javax.swing.JComponent.paintChildren(Ljava/awt/Graphics;)V+501
j  javax.swing.JComponent.paintToOffscreen(Ljava/awt/Graphics;IIIIII)V+72
j  javax.swing.RepaintManager$PaintManager.paintDoubleBuffered(Ljavax/swing/JComponent;Ljava/awt/Image;Ljava/awt/Graphics;IIII)V+163
j  javax.swing.RepaintManager$PaintManager.paint(Ljavax/swing/JComponent;Ljavax/swing/JComponent;Ljava/awt/Graphics;IIII)Z+116
j  javax.swing.RepaintManager.paint(Ljavax/swing/JComponent;Ljavax/swing/JComponent;Ljava/awt/Graphics;IIII)V+51
j  javax.swing.JComponent.paint(Ljava/awt/Graphics;)V+221
j  java.awt.GraphicsCallback$PaintCallback.run(Ljava/awt/Component;Ljava/awt/Graphics;)V+2
j  sun.awt.SunGraphicsCallback.runOneComponent(Ljava/awt/Component;Ljava/awt/Rectangle;Ljava/awt/Graphics;Ljava/awt/Shape;I)V+155
j  sun.awt.SunGraphicsCallback.runComponents([Ljava/awt/Component;Ljava/awt/Graphics;I)V+194
j  java.awt.Container.paint(Ljava/awt/Graphics;)V+58
j  java.awt.Window.paint(Ljava/awt/Graphics;)V+68
j  javax.swing.RepaintManager$4.run()Ljava/lang/Void;+142
j  javax.swing.RepaintManager$4.run()Ljava/lang/Object;+1
v  ~StubRoutines::call_stub
J 1129  java.security.AccessController.doPrivileged(Ljava/security/PrivilegedAction;Ljava/security/AccessControlContext;)Ljava/lang/Object; (0 bytes) @ 0x00000000025b00a6 [0x00000000025b0040+0x66]
J 1130 C1 java.security.ProtectionDomain$JavaSecurityAccessImpl.doIntersectionPrivilege(Ljava/security/PrivilegedAction;Ljava/security/AccessControlContext;Ljava/security/AccessControlContext;)Ljava/lang/Object; (22 bytes) @ 0x00000000025aee2c [0x00000000025ae9c0+0x46c]
j  javax.swing.RepaintManager.paintDirtyRegions(Ljava/util/Map;)V+154
j  javax.swing.RepaintManager.paintDirtyRegions()V+46
j  javax.swing.RepaintManager.prePaintDirtyRegions()V+73
j  javax.swing.RepaintManager.access$1200(Ljavax/swing/RepaintManager;)V+1
j  javax.swing.RepaintManager$ProcessingRunnable.run()V+37
j  java.awt.event.InvocationEvent.dispatch()V+47
j  java.awt.EventQueue.dispatchEventImpl(Ljava/awt/AWTEvent;Ljava/lang/Object;)V+21
j  java.awt.EventQueue.access$500(Ljava/awt/EventQueue;Ljava/awt/AWTEvent;Ljava/lang/Object;)V+3
j  java.awt.EventQueue$3.run()Ljava/lang/Void;+32
j  java.awt.EventQueue$3.run()Ljava/lang/Object;+1
v  ~StubRoutines::call_stub
J 1129  java.security.AccessController.doPrivileged(Ljava/security/PrivilegedAction;Ljava/security/AccessControlContext;)Ljava/lang/Object; (0 bytes) @ 0x00000000025b00a6 [0x00000000025b0040+0x66]
J 1130 C1 java.security.ProtectionDomain$JavaSecurityAccessImpl.doIntersectionPrivilege(Ljava/security/PrivilegedAction;Ljava/security/AccessControlContext;Ljava/security/AccessControlContext;)Ljava/lang/Object; (22 bytes) @ 0x00000000025aee2c [0x00000000025ae9c0+0x46c]
j  java.awt.EventQueue.dispatchEvent(Ljava/awt/AWTEvent;)V+46
j  java.awt.EventDispatchThread.pumpOneEventForFilters(I)V+245
j  java.awt.EventDispatchThread.pumpEventsForFilter(ILjava/awt/Conditional;Ljava/awt/EventFilter;)V+35
j  java.awt.EventDispatchThread.pumpEventsForHierarchy(ILjava/awt/Conditional;Ljava/awt/Component;)V+11
j  java.awt.EventDispatchThread.pumpEvents(ILjava/awt/Conditional;)V+4
j  java.awt.EventDispatchThread.pumpEvents(Ljava/awt/Conditional;)V+3
j  java.awt.EventDispatchThread.run()V+9
v  ~StubRoutines::call_stub

---------------  P R O C E S S  ---------------

Java Threads: ( => current thread )
  0x00000000020e0800 JavaThread "DestroyJavaVM" [_thread_blocked, id=6372, stack(0x0000000001f10000,0x0000000002010000)]
=>0x000000001a894000 JavaThread "AWT-EventQueue-0" [_thread_in_native, id=13480, stack(0x000000001be60000,0x000000001bf60000)]
  0x000000001a4d5800 JavaThread "AWT-Windows" daemon [_thread_in_native, id=6648, stack(0x000000001ae00000,0x000000001af00000)]
  0x000000001a4d1000 JavaThread "AWT-Shutdown" [_thread_blocked, id=5268, stack(0x000000001ad00000,0x000000001ae00000)]
  0x000000001a4d0000 JavaThread "Java2D Disposer" daemon [_thread_blocked, id=9852, stack(0x000000001ac00000,0x000000001ad00000)]
  0x000000001946b800 JavaThread "MySQL Statement Cancellation Timer" daemon [_thread_blocked, id=6828, stack(0x0000000019eb0000,0x0000000019fb0000)]
  0x0000000019383000 JavaThread "Service Thread" daemon [_thread_blocked, id=6892, stack(0x0000000019cb0000,0x0000000019db0000)]
  0x00000000192fa000 JavaThread "C1 CompilerThread3" daemon [_thread_blocked, id=1496, stack(0x0000000019bb0000,0x0000000019cb0000)]
  0x00000000192e1000 JavaThread "C2 CompilerThread2" daemon [_thread_blocked, id=4744, stack(0x0000000019ab0000,0x0000000019bb0000)]
  0x00000000192d9800 JavaThread "C2 CompilerThread1" daemon [_thread_blocked, id=1044, stack(0x00000000199b0000,0x0000000019ab0000)]
  0x00000000192d6000 JavaThread "C2 CompilerThread0" daemon [_thread_blocked, id=9968, stack(0x00000000198b0000,0x00000000199b0000)]
  0x00000000192d4800 JavaThread "Attach Listener" daemon [_thread_blocked, id=13592, stack(0x00000000197b0000,0x00000000198b0000)]
  0x00000000171ae800 JavaThread "Signal Dispatcher" daemon [_thread_blocked, id=8384, stack(0x00000000196b0000,0x00000000197b0000)]
  0x00000000021d8800 JavaThread "Finalizer" daemon [_thread_blocked, id=13432, stack(0x00000000190a0000,0x00000000191a0000)]
  0x00000000021d2000 JavaThread "Reference Handler" daemon [_thread_blocked, id=10828, stack(0x0000000018fa0000,0x00000000190a0000)]

Other Threads:
  0x0000000017199000 VMThread [stack: 0x0000000018ea0000,0x0000000018fa0000] [id=11424]
  0x0000000019389800 WatcherThread [stack: 0x0000000019db0000,0x0000000019eb0000] [id=11396]

VM state:not at safepoint (normal execution)

VM Mutex/Monitor currently owned by a thread: None

Heap:
 PSYoungGen      total 38400K, used 22615K [0x00000000d5c00000, 0x00000000d8680000, 0x0000000100000000)
  eden space 33280K, 67% used [0x00000000d5c00000,0x00000000d7215d50,0x00000000d7c80000)
  from space 5120K, 0% used [0x00000000d8180000,0x00000000d8180000,0x00000000d8680000)
  to   space 5120K, 0% used [0x00000000d7c80000,0x00000000d7c80000,0x00000000d8180000)
 ParOldGen       total 87552K, used 0K [0x0000000081400000, 0x0000000086980000, 0x00000000d5c00000)
  object space 87552K, 0% used [0x0000000081400000,0x0000000081400000,0x0000000086980000)
 Metaspace       used 14836K, capacity 15102K, committed 15232K, reserved 1062912K
  class space    used 1851K, capacity 1909K, committed 1920K, reserved 1048576K

Card table byte_map: [0x00000000115a0000,0x00000000119a0000] byte_map_base: 0x0000000011196000

Marking Bits: (ParMarkBitMap*) 0x000000006ba1a5b0
 Begin Bits: [0x0000000012450000, 0x0000000014400000)
 End Bits:   [0x0000000014400000, 0x00000000163b0000)

Polling page: 0x00000000005a0000

CodeCache: size=245760Kb used=3960Kb max_used=3969Kb free=241799Kb
 bounds [0x00000000021e0000, 0x00000000025d0000, 0x00000000111e0000]
 total_blobs=1710 nmethods=1154 adapters=468
 compilation: enabled

Compilation events (10 events):
Event: 3.529 Thread 0x00000000192fa000 1145       3       java.awt.Container::getComponentCount (5 bytes)
Event: 3.529 Thread 0x00000000192fa000 nmethod 1145 0x00000000025bd010 code [0x00000000025bd180, 0x00000000025bd468]
Event: 3.529 Thread 0x00000000192fa000 1150       3       sun.awt.NullComponentPeer::beginLayout (1 bytes)
Event: 3.530 Thread 0x00000000192fa000 nmethod 1150 0x00000000025bd790 code [0x00000000025bd8e0, 0x00000000025bda30]
Event: 3.530 Thread 0x00000000192fa000 1152       3       sun.awt.NullComponentPeer::endLayout (1 bytes)
Event: 3.530 Thread 0x00000000192fa000 nmethod 1152 0x00000000025bda90 code [0x00000000025bdbe0, 0x00000000025bdd30]
Event: 3.536 Thread 0x00000000192e1000 1153       4       sun.java2d.loops.GraphicsPrimitiveMgr$2::compare (39 bytes)
Event: 3.539 Thread 0x00000000192e1000 nmethod 1153 0x00000000025c1910 code [0x00000000025c1a60, 0x00000000025c1b38]
Event: 3.542 Thread 0x00000000192fa000 1154       3       java.awt.Rectangle::<init> (26 bytes)
Event: 3.542 Thread 0x00000000192fa000 nmethod 1154 0x00000000025c13d0 code [0x00000000025c1540, 0x00000000025c17b0]

GC Heap History (0 events):
No events

Deoptimization events (10 events):
Event: 2.423 Thread 0x00000000020e0800 Uncommon trap: reason=class_check action=maybe_recompile pc=0x0000000002438f1c method=java.util.HashMap.putVal(ILjava/lang/Object;Ljava/lang/Object;ZZ)Ljava/lang/Object; @ 203
Event: 2.423 Thread 0x00000000020e0800 Uncommon trap: reason=class_check action=maybe_recompile pc=0x0000000002438f4c method=java.util.HashMap.putVal(ILjava/lang/Object;Ljava/lang/Object;ZZ)Ljava/lang/Object; @ 91
Event: 2.424 Thread 0x00000000020e0800 Uncommon trap: reason=class_check action=maybe_recompile pc=0x0000000002438f4c method=java.util.HashMap.putVal(ILjava/lang/Object;Ljava/lang/Object;ZZ)Ljava/lang/Object; @ 91
Event: 2.424 Thread 0x00000000020e0800 Uncommon trap: reason=class_check action=maybe_recompile pc=0x00000000024358bc method=java.util.HashMap.putVal(ILjava/lang/Object;Ljava/lang/Object;ZZ)Ljava/lang/Object; @ 203
Event: 3.172 Thread 0x00000000020e0800 Uncommon trap: reason=class_check action=maybe_recompile pc=0x00000000024a75d4 method=javax.swing.plaf.nimbus.DerivedColor$UIResource.equals(Ljava/lang/Object;)Z @ 1
Event: 3.172 Thread 0x00000000020e0800 Uncommon trap: reason=class_check action=maybe_recompile pc=0x00000000024a75d4 method=javax.swing.plaf.nimbus.DerivedColor$UIResource.equals(Ljava/lang/Object;)Z @ 1
Event: 3.172 Thread 0x00000000020e0800 Uncommon trap: reason=class_check action=maybe_recompile pc=0x00000000024a75d4 method=javax.swing.plaf.nimbus.DerivedColor$UIResource.equals(Ljava/lang/Object;)Z @ 1
Event: 3.172 Thread 0x00000000020e0800 Uncommon trap: reason=class_check action=maybe_recompile pc=0x00000000024a75d4 method=javax.swing.plaf.nimbus.DerivedColor$UIResource.equals(Ljava/lang/Object;)Z @ 1
Event: 3.358 Thread 0x00000000020e0800 Uncommon trap: reason=unstable_if action=reinterpret pc=0x000000000246c7f0 method=java.util.HashMap.putVal(ILjava/lang/Object;Ljava/lang/Object;ZZ)Ljava/lang/Object; @ 109
Event: 3.358 Thread 0x00000000020e0800 Uncommon trap: reason=unstable_if action=reinterpret pc=0x000000000246ae3c method=java.util.HashMap.putVal(ILjava/lang/Object;Ljava/lang/Object;ZZ)Ljava/lang/Object; @ 109

Internal exceptions (10 events):
Event: 3.215 Thread 0x00000000020e0800 Exception <a 'java/lang/ClassNotFoundException': ToolBar> (0x00000000d6edbf58) thrown at [C:\re\workspace\8-2-build-windows-amd64-cygwin\jdk8u60\4407\hotspot\src\share\vm\classfile\systemDictionary.cpp, line 210]
Event: 3.215 Thread 0x00000000020e0800 Exception <a 'java/lang/ClassNotFoundException': ToggleButton> (0x00000000d6edc508) thrown at [C:\re\workspace\8-2-build-windows-amd64-cygwin\jdk8u60\4407\hotspot\src\share\vm\classfile\systemDictionary.cpp, line 210]
Event: 3.215 Thread 0x00000000020e0800 Exception <a 'java/lang/ClassNotFoundException': javax/swing/JToolBarSeparator> (0x00000000d6edc968) thrown at [C:\re\workspace\8-2-build-windows-amd64-cygwin\jdk8u60\4407\hotspot\src\share\vm\classfile\systemDictionary.cpp, line 210]
Event: 3.215 Thread 0x00000000020e0800 Exception <a 'java/lang/ClassNotFoundException': ToolBarSeparator> (0x00000000d6edce00) thrown at [C:\re\workspace\8-2-build-windows-amd64-cygwin\jdk8u60\4407\hotspot\src\share\vm\classfile\systemDictionary.cpp, line 210]
Event: 3.215 Thread 0x00000000020e0800 Exception <a 'java/lang/ClassNotFoundException': ToolTip> (0x00000000d6edd498) thrown at [C:\re\workspace\8-2-build-windows-amd64-cygwin\jdk8u60\4407\hotspot\src\share\vm\classfile\systemDictionary.cpp, line 210]
Event: 3.215 Thread 0x00000000020e0800 Exception <a 'java/lang/ClassNotFoundException': Tree> (0x00000000d6eddb28) thrown at [C:\re\workspace\8-2-build-windows-amd64-cygwin\jdk8u60\4407\hotspot\src\share\vm\classfile\systemDictionary.cpp, line 210]
Event: 3.215 Thread 0x00000000020e0800 Exception <a 'java/lang/ClassNotFoundException': Tree> (0x00000000d6ede220) thrown at [C:\re\workspace\8-2-build-windows-amd64-cygwin\jdk8u60\4407\hotspot\src\share\vm\classfile\systemDictionary.cpp, line 210]
Event: 3.215 Thread 0x00000000020e0800 Exception <a 'java/lang/ClassNotFoundException': javax/swing/JTreeCell> (0x00000000d6ede5a0) thrown at [C:\re\workspace\8-2-build-windows-amd64-cygwin\jdk8u60\4407\hotspot\src\share\vm\classfile\systemDictionary.cpp, line 210]
Event: 3.215 Thread 0x00000000020e0800 Exception <a 'java/lang/ClassNotFoundException': TreeCell> (0x00000000d6edea28) thrown at [C:\re\workspace\8-2-build-windows-amd64-cygwin\jdk8u60\4407\hotspot\src\share\vm\classfile\systemDictionary.cpp, line 210]
Event: 3.215 Thread 0x00000000020e0800 Exception <a 'java/lang/ClassNotFoundException': RootPane> (0x00000000d6edf248) thrown at [C:\re\workspace\8-2-build-windows-amd64-cygwin\jdk8u60\4407\hotspot\src\share\vm\classfile\systemDictionary.cpp, line 210]

Events (10 events):
Event: 3.545 loading class sun/dc/pr/Rasterizer
Event: 3.545 loading class sun/java2d/pipe/AATileGenerator
Event: 3.545 loading class sun/java2d/pipe/AATileGenerator done
Event: 3.545 loading class sun/dc/pr/Rasterizer done
Event: 3.546 loading class sun/dc/pr/PathFiller
Event: 3.546 loading class sun/dc/path/PathConsumer
Event: 3.546 loading class sun/dc/path/PathConsumer done
Event: 3.546 loading class sun/dc/pr/PathFiller done
Event: 3.546 loading class sun/dc/pr/PathFiller$1
Event: 3.546 loading class sun/dc/pr/PathFiller$1 done


Dynamic libraries:
0x00007ff7aaca0000 - 0x00007ff7aacd7000 	C:\Program Files\Java\jre1.8.0_60\bin\javaw.exe
0x00007ff89ece0000 - 0x00007ff89eea1000 	C:\WINDOWS\SYSTEM32\ntdll.dll
0x00007ff89eb60000 - 0x00007ff89ec0d000 	C:\WINDOWS\system32\KERNEL32.DLL
0x00007ff89b620000 - 0x00007ff89b808000 	C:\WINDOWS\system32\KERNELBASE.dll
0x00007ff89e680000 - 0x00007ff89e727000 	C:\WINDOWS\system32\ADVAPI32.dll
0x00007ff89de80000 - 0x00007ff89df1d000 	C:\WINDOWS\system32\msvcrt.dll
0x00007ff89d9f0000 - 0x00007ff89da4b000 	C:\WINDOWS\system32\sechost.dll
0x00007ff89dd60000 - 0x00007ff89de7c000 	C:\WINDOWS\system32\RPCRT4.dll
0x00007ff89e7e0000 - 0x00007ff89e936000 	C:\WINDOWS\system32\USER32.dll
0x00007ff89dbc0000 - 0x00007ff89dd46000 	C:\WINDOWS\system32\GDI32.dll
0x00007ff8969e0000 - 0x00007ff896c54000 	C:\WINDOWS\WinSxS\amd64_microsoft.windows.common-controls_6595b64144ccf1df_6.0.10586.0_none_8c15ae12515e1c22\COMCTL32.dll
0x00007ff89d770000 - 0x00007ff89d9ed000 	C:\WINDOWS\system32\combase.dll
0x00007ff89b5b0000 - 0x00007ff89b61a000 	C:\WINDOWS\system32\bcryptPrimitives.dll
0x00007ff89e0e0000 - 0x00007ff89e11b000 	C:\WINDOWS\system32\IMM32.DLL
0x000000006af60000 - 0x000000006b032000 	C:\Program Files\Java\jre1.8.0_60\bin\msvcr100.dll
0x000000006b210000 - 0x000000006ba99000 	C:\Program Files\Java\jre1.8.0_60\bin\server\jvm.dll
0x00007ff89dbb0000 - 0x00007ff89dbb8000 	C:\WINDOWS\system32\PSAPI.DLL
0x00007ff88ac20000 - 0x00007ff88ac29000 	C:\WINDOWS\SYSTEM32\WSOCK32.dll
0x00007ff89df20000 - 0x00007ff89df8b000 	C:\WINDOWS\system32\WS2_32.dll
0x00007ff899640000 - 0x00007ff899663000 	C:\WINDOWS\SYSTEM32\WINMM.dll
0x00007ff896d50000 - 0x00007ff896d5a000 	C:\WINDOWS\SYSTEM32\VERSION.dll
0x00007ff899520000 - 0x00007ff89954c000 	C:\WINDOWS\SYSTEM32\WINMMBASE.dll
0x00007ff89b390000 - 0x00007ff89b3d3000 	C:\WINDOWS\system32\cfgmgr32.dll
0x000000006c1e0000 - 0x000000006c1ef000 	C:\Program Files\Java\jre1.8.0_60\bin\verify.dll
0x000000006c1b0000 - 0x000000006c1d9000 	C:\Program Files\Java\jre1.8.0_60\bin\java.dll
0x000000006c190000 - 0x000000006c1a6000 	C:\Program Files\Java\jre1.8.0_60\bin\zip.dll
0x00007ff89c0e0000 - 0x00007ff89d63c000 	C:\WINDOWS\system32\SHELL32.dll
0x00007ff89b9d0000 - 0x00007ff89c015000 	C:\WINDOWS\system32\windows.storage.dll
0x00007ff89ec10000 - 0x00007ff89ec62000 	C:\WINDOWS\system32\shlwapi.dll
0x00007ff89b300000 - 0x00007ff89b30f000 	C:\WINDOWS\system32\kernel.appcore.dll
0x00007ff89c020000 - 0x00007ff89c0d5000 	C:\WINDOWS\system32\shcore.dll
0x00007ff89b310000 - 0x00007ff89b35b000 	C:\WINDOWS\system32\powrprof.dll
0x00007ff89b370000 - 0x00007ff89b384000 	C:\WINDOWS\system32\profapi.dll
0x000000006c170000 - 0x000000006c18a000 	C:\Program Files\Java\jre1.8.0_60\bin\net.dll
0x00007ff89abd0000 - 0x00007ff89ac2c000 	C:\WINDOWS\system32\mswsock.dll
0x00007ff899d20000 - 0x00007ff899dca000 	C:\WINDOWS\SYSTEM32\DNSAPI.dll
0x00007ff89ec70000 - 0x00007ff89ec78000 	C:\WINDOWS\system32\NSI.dll
0x00007ff88c780000 - 0x00007ff88c78a000 	C:\Windows\System32\rasadhlp.dll
0x00007ff891790000 - 0x00007ff8917f7000 	C:\WINDOWS\System32\fwpuclnt.dll
0x00007ff89b230000 - 0x00007ff89b259000 	C:\WINDOWS\SYSTEM32\bcrypt.dll
0x000000006adc0000 - 0x000000006af58000 	C:\Program Files\Java\jre1.8.0_60\bin\awt.dll
0x00007ff89e550000 - 0x00007ff89e611000 	C:\WINDOWS\system32\OLEAUT32.dll
0x00007ff899af0000 - 0x00007ff899b69000 	C:\WINDOWS\system32\apphelp.dll
0x00007ff899c80000 - 0x00007ff899d16000 	C:\WINDOWS\system32\uxtheme.dll
0x00007ff89da50000 - 0x00007ff89dbaa000 	C:\WINDOWS\system32\MSCTF.dll
0x00007ff874c40000 - 0x00007ff874c75000 	C:\Program Files\Nahimic\NahimicMSI\UserInterface\x64\NahimicMSIDevProps.dll
0x00007ff89df90000 - 0x00007ff89e0d3000 	C:\WINDOWS\system32\ole32.dll
0x00007ff877890000 - 0x00007ff8778dd000 	C:\Program Files\Nahimic\NahimicMSI\UserInterface\x64\NahimicMSIOSD.dll
0x00007ff898e20000 - 0x00007ff898e42000 	C:\WINDOWS\system32\dwmapi.dll
0x00007ff89e730000 - 0x00007ff89e7d7000 	C:\WINDOWS\system32\clbcatq.dll
0x00007ff897920000 - 0x00007ff897990000 	C:\WINDOWS\System32\MMDevApi.dll
0x00007ff899dd0000 - 0x00007ff899df7000 	C:\WINDOWS\System32\DEVOBJ.dll
0x00007ff898ff0000 - 0x00007ff899176000 	C:\WINDOWS\System32\PROPSYS.dll
0x00007ff88ab60000 - 0x00007ff88abe8000 	C:\WINDOWS\SYSTEM32\AUDIOSES.DLL
0x00007ff891800000 - 0x00007ff891936000 	C:\WINDOWS\SYSTEM32\wintypes.dll
0x000000006ad70000 - 0x000000006adb7000 	C:\Program Files\Java\jre1.8.0_60\bin\fontmanager.dll
0x000000006c150000 - 0x000000006c161000 	C:\Program Files\Java\jre1.8.0_60\bin\nio.dll
0x000000006ad20000 - 0x000000006ad62000 	C:\Program Files\Java\jre1.8.0_60\bin\t2k.dll
0x00007ff897760000 - 0x00007ff897911000 	C:\WINDOWS\SYSTEM32\WindowsCodecs.dll
0x00007ff889de0000 - 0x00007ff889e2a000 	C:\WINDOWS\system32\dataexchange.dll
0x00007ff8986d0000 - 0x00007ff898978000 	C:\WINDOWS\system32\d3d11.dll
0x00007ff899670000 - 0x00007ff899753000 	C:\WINDOWS\system32\dcomp.dll
0x00007ff898620000 - 0x00007ff8986c2000 	C:\WINDOWS\system32\dxgi.dll
0x00007ff899e20000 - 0x00007ff899f20000 	C:\WINDOWS\system32\twinapi.appcore.dll
0x000000006acf0000 - 0x000000006ad1a000 	C:\Program Files\Java\jre1.8.0_60\bin\dcpr.dll
0x00007ff897bc0000 - 0x00007ff897d4c000 	C:\WINDOWS\SYSTEM32\dbghelp.dll

VM Arguments:
jvm_args: -Dfile.encoding=Cp1252 
java_command: poo.Main
java_class_path (initial): D:\Léo\Workspace\ProjetPOO\bin;D:\Eclipse\mysql-connector-java-5.0.5\mysql-connector-java-5.0.5-bin.jar
Launcher Type: SUN_STANDARD

Environment Variables:
PATH=C:/Program Files/Java/jre1.8.0_60/bin/server;C:/Program Files/Java/jre1.8.0_60/bin;C:/Program Files/Java/jre1.8.0_60/lib/amd64;C:\ProgramData\Oracle\Java\javapath;C:\Program Files (x86)\Intel\iCLS Client\;C:\Program Files\Intel\iCLS Client\;C:\Windows\system32;C:\Windows;C:\Windows\System32\Wbem;C:\Windows\System32\WindowsPowerShell\v1.0\;C:\Program Files\Intel\WiFi\bin\;C:\Program Files\Common Files\Intel\WirelessCommon\;C:\Program Files (x86)\NVIDIA Corporation\PhysX\Common;C:\Program Files (x86)\Intel\Intel(R) Management Engine Components\DAL;C:\Program Files\Intel\Intel(R) Management Engine Components\DAL;C:\Program Files (x86)\Intel\Intel(R) Management Engine Components\IPT;C:\Program Files\Intel\Intel(R) Management Engine Components\IPT;C:\Program Files (x86)\Windows Live\Shared;C:\Program Files (x86)\Java\jdk1.8.0_66\bin;C:\Program Files (x86)\Skype\Phone\;C:\WINDOWS\system32;C:\WINDOWS;C:\WINDOWS\System32\Wbem;C:\WINDOWS\System32\WindowsPowerShell\v1.0\;D:\OpenVPN\bin;;C:\Users\Léo\Desktop;
USERNAME=Léo
OS=Windows_NT
PROCESSOR_IDENTIFIER=Intel64 Family 6 Model 71 Stepping 1, GenuineIntel



---------------  S Y S T E M  ---------------

OS: Windows 10.0 , 64 bit Build 10586 (10.0.10586.0)

CPU:total 8 (4 cores per cpu, 2 threads per core) family 6 model 71 stepping 1, cmov, cx8, fxsr, mmx, sse, sse2, sse3, ssse3, sse4.1, sse4.2, popcnt, avx, avx2, aes, clmul, erms, 3dnowpref, lzcnt, ht, tsc, tscinvbit, bmi1, bmi2, adx

Memory: 4k page, physical 8301792k(3151032k free), swap 10591176k(1587176k free)

vm_info: Java HotSpot(TM) 64-Bit Server VM (25.60-b23) for windows-amd64 JRE (1.8.0_60-b27), built on Aug  4 2015 11:06:27 by "java_re" with MS VC++ 10.0 (VS2010)

time: Fri Feb 12 09:48:14 2016
elapsed time: 3 seconds (0d 0h 0m 3s)

